[2025-02-17 00:51:29] [INFO] LogHandler initialized successfully
[2025-02-17 00:51:30] [INFO] メインフレームを初期化しました
[2025-02-17 00:53:13] [INFO] LogHandler initialized successfully
[2025-02-17 00:53:14] [INFO] メインフレームを初期化しました
[2025-02-17 00:53:34] [INFO] LogHandler initialized successfully
[2025-02-17 00:53:35] [INFO] メインフレームを初期化しました
[2025-02-17 00:53:35] [INFO] テストデータを読み込みました
[2025-02-17 00:53:35] [INFO] 画面遷移コントローラーを初期化しました
[2025-02-17 00:53:35] [INFO] メインコントローラーを初期化しました
[2025-02-17 00:53:35] [INFO] パネルを切り替えました: ListPanel
[2025-02-17 00:53:35] [INFO] 画面を切り替えました: LIST
[2025-02-17 00:53:35] [INFO] アプリケーションを初期化しました
[2025-02-17 00:53:39] [INFO] アプリケーションを起動しました
[2025-02-17 13:48:52] [INFO] LogHandler initialized successfully
[2025-02-17 13:48:54] [INFO] メインフレームを初期化しました
[2025-02-17 13:48:54] [INFO] テストデータを読み込みました
[2025-02-17 13:48:54] [INFO] 画面遷移コントローラーを初期化しました
[2025-02-17 13:48:54] [INFO] メインコントローラーを初期化しました
[2025-02-17 13:48:54] [INFO] パネルを切り替えました: ListPanel
[2025-02-17 13:48:54] [INFO] 画面を切り替えました: LIST
[2025-02-17 13:48:54] [INFO] アプリケーションを初期化しました
[2025-02-17 13:48:57] [INFO] アプリケーションを起動しました
